0 info it worked if it ends with ok
1 verbose cli [ '/usr/bin/nodejs', '/usr/local/bin/npm', 'publish' ]
2 info using npm@3.10.6
3 info using node@v4.2.6
4 verbose publish [ '.' ]
5 silly cache add args [ '.', null ]
6 verbose cache add spec .
7 silly cache add parsed spec Result {
7 silly cache add   raw: '.',
7 silly cache add   scope: null,
7 silly cache add   escapedName: null,
7 silly cache add   name: null,
7 silly cache add   rawSpec: '.',
7 silly cache add   spec: '/home/paulo/Documents/paulo/prettylogger',
7 silly cache add   type: 'directory' }
8 verbose addLocalDirectory /home/paulo/.npm/prettylogger/1.0.1/package.tgz not in flight; packing
9 verbose correctMkdir /home/paulo/.npm correctMkdir not in flight; initializing
10 info lifecycle prettylogger@1.0.1~prepublish: prettylogger@1.0.1
11 silly lifecycle prettylogger@1.0.1~prepublish: no script for prepublish, continuing
12 verbose tar pack [ '/home/paulo/.npm/prettylogger/1.0.1/package.tgz',
12 verbose tar pack   '/home/paulo/Documents/paulo/prettylogger' ]
13 verbose tarball /home/paulo/.npm/prettylogger/1.0.1/package.tgz
14 verbose folder /home/paulo/Documents/paulo/prettylogger
15 verbose addLocalTarball adding from inside cache /home/paulo/.npm/prettylogger/1.0.1/package.tgz
16 verbose correctMkdir /home/paulo/.npm correctMkdir not in flight; initializing
17 silly cache afterAdd prettylogger@1.0.1
18 verbose afterAdd /home/paulo/.npm/prettylogger/1.0.1/package/package.json not in flight; writing
19 verbose correctMkdir /home/paulo/.npm correctMkdir not in flight; initializing
20 verbose afterAdd /home/paulo/.npm/prettylogger/1.0.1/package/package.json written
21 silly publish { name: 'prettylogger',
21 silly publish   version: '1.0.1',
21 silly publish   description: 'The Node.js logger library you were looking for',
21 silly publish   main: 'index.js',
21 silly publish   scripts: { test: 'echo "Error: no test specified" && exit 1' },
21 silly publish   keywords: [ 'log' ],
21 silly publish   author:
21 silly publish    { name: 'Paulo Matos',
21 silly publish      email: 'paulojomatos@gmail.com',
21 silly publish      url: 'https://jrmatos.github.io' },
21 silly publish   license: 'MIT',
21 silly publish   dependencies: { colors: '^1.1.2', moment: '^2.17.0' },
21 silly publish   readme: '# Pretty Logger\n\nThe Node.js logger library you were looking for\n\n## Install\n\n`npm install prettylogger`\n\nMIT Licensed',
21 silly publish   readmeFilename: 'README.md',
21 silly publish   gitHead: '757eda0191c234a275fcbd0f600d41b3f4bead2b',
21 silly publish   _id: 'prettylogger@1.0.1',
21 silly publish   _shasum: 'cd4dfd0dcb36bdef816f528a96a9ccde77dd6485',
21 silly publish   _from: '.' }
22 verbose getPublishConfig undefined
23 silly mapToRegistry name prettylogger
24 silly mapToRegistry using default registry
25 silly mapToRegistry registry https://registry.npmjs.org/
26 silly mapToRegistry data Result {
26 silly mapToRegistry   raw: 'prettylogger',
26 silly mapToRegistry   scope: null,
26 silly mapToRegistry   escapedName: 'prettylogger',
26 silly mapToRegistry   name: 'prettylogger',
26 silly mapToRegistry   rawSpec: '',
26 silly mapToRegistry   spec: 'latest',
26 silly mapToRegistry   type: 'tag' }
27 silly mapToRegistry uri https://registry.npmjs.org/prettylogger
28 verbose publish registryBase https://registry.npmjs.org/
29 silly publish uploading /home/paulo/.npm/prettylogger/1.0.1/package.tgz
30 verbose request uri https://registry.npmjs.org/prettylogger
31 verbose request sending authorization for write operation
32 info attempt registry request try #1 at 12:59:17 PM
33 verbose request using bearer token for auth
34 verbose request id 48f3a3cd32aa9851
35 http request PUT https://registry.npmjs.org/prettylogger
36 http 403 https://registry.npmjs.org/prettylogger
37 verbose headers { 'content-type': 'application/json',
37 verbose headers   'cache-control': 'max-age=300',
37 verbose headers   'content-length': '95',
37 verbose headers   'accept-ranges': 'bytes',
37 verbose headers   date: 'Fri, 25 Nov 2016 17:03:40 GMT',
37 verbose headers   via: '1.1 varnish',
37 verbose headers   connection: 'keep-alive',
37 verbose headers   'x-served-by': 'cache-gru7120-GRU',
37 verbose headers   'x-cache': 'MISS',
37 verbose headers   'x-cache-hits': '0',
37 verbose headers   'x-timer': 'S1480093419.932263,VS0,VE805',
37 verbose headers   vary: 'Accept-Encoding' }
38 verbose request invalidating /home/paulo/.npm/registry.npmjs.org/prettylogger on PUT
39 error publish Failed PUT 403
40 verbose stack Error: "You cannot publish over the previously published version 1.0.1." : prettylogger
40 verbose stack     at makeError (/usr/local/lib/node_modules/npm/node_modules/npm-registry-client/lib/request.js:264:12)
40 verbose stack     at CachingRegistryClient.<anonymous> (/usr/local/lib/node_modules/npm/node_modules/npm-registry-client/lib/request.js:252:14)
40 verbose stack     at Request._callback (/usr/local/lib/node_modules/npm/node_modules/npm-registry-client/lib/request.js:172:14)
40 verbose stack     at Request.self.callback (/usr/local/lib/node_modules/npm/node_modules/request/request.js:200:22)
40 verbose stack     at emitTwo (events.js:87:13)
40 verbose stack     at Request.emit (events.js:172:7)
40 verbose stack     at Request.<anonymous> (/usr/local/lib/node_modules/npm/node_modules/request/request.js:1067:10)
40 verbose stack     at emitOne (events.js:82:20)
40 verbose stack     at Request.emit (events.js:169:7)
40 verbose stack     at IncomingMessage.<anonymous> (/usr/local/lib/node_modules/npm/node_modules/request/request.js:988:12)
41 verbose statusCode 403
42 verbose pkgid prettylogger
43 verbose cwd /home/paulo/Documents/paulo/prettylogger
44 error Linux 4.4.0-47-generic
45 error argv "/usr/bin/nodejs" "/usr/local/bin/npm" "publish"
46 error node v4.2.6
47 error npm  v3.10.6
48 error code E403
49 error "You cannot publish over the previously published version 1.0.1." : prettylogger
50 error If you need help, you may report this error at:
50 error     <https://github.com/npm/npm/issues>
51 verbose exit [ 1, true ]
